0 info it worked if it ends with ok
1 verbose cli [ '/usr/local/Cellar/node/7.7.2/bin/node',
1 verbose cli   '/usr/local/bin/npm',
1 verbose cli   'install',
1 verbose cli   '-save',
1 verbose cli   'react-bootstrap,',
1 verbose cli   'react-redux,',
1 verbose cli   'react-router-bootstrap,',
1 verbose cli   'react-router-dom,',
1 verbose cli   'react,router-redux,',
1 verbose cli   'redux,',
1 verbose cli   'redux-thunk' ]
2 info using npm@4.1.2
3 info using node@v7.7.2
4 silly loadCurrentTree Starting
5 silly install loadCurrentTree
6 silly install readLocalPackageData
7 silly fetchPackageMetaData react-bootstrap,
8 silly fetchPackageMetaData react-redux,
9 silly fetchPackageMetaData react-router-bootstrap,
10 silly fetchPackageMetaData react-router-dom,
11 silly fetchPackageMetaData react,router-redux,
12 silly fetchPackageMetaData redux,
13 silly fetchPackageMetaData redux-thunk
14 silly fetchOtherPackageData react-bootstrap,
15 silly cache add args [ 'react-bootstrap,', null ]
16 verbose cache add spec react-bootstrap,
17 silly fetchOtherPackageData react-redux,
18 silly cache add args [ 'react-redux,', null ]
19 verbose cache add spec react-redux,
20 silly fetchOtherPackageData react-router-bootstrap,
21 silly cache add args [ 'react-router-bootstrap,', null ]
22 verbose cache add spec react-router-bootstrap,
23 silly fetchOtherPackageData react-router-dom,
24 silly cache add args [ 'react-router-dom,', null ]
25 verbose cache add spec react-router-dom,
26 silly fetchOtherPackageData react,router-redux,
27 silly cache add args [ 'react,router-redux,', null ]
28 verbose cache add spec react,router-redux,
29 silly fetchOtherPackageData redux,
30 silly cache add args [ 'redux,', null ]
31 verbose cache add spec redux,
32 silly fetchNamedPackageData redux-thunk
33 silly mapToRegistry name redux-thunk
34 silly mapToRegistry using default registry
35 silly mapToRegistry registry https://registry.npmjs.org/
36 silly mapToRegistry data Result {
36 silly mapToRegistry   raw: 'redux-thunk',
36 silly mapToRegistry   scope: null,
36 silly mapToRegistry   escapedName: 'redux-thunk',
36 silly mapToRegistry   name: 'redux-thunk',
36 silly mapToRegistry   rawSpec: '',
36 silly mapToRegistry   spec: 'latest',
36 silly mapToRegistry   type: 'tag' }
37 silly mapToRegistry uri https://registry.npmjs.org/redux-thunk
38 silly cache add parsed spec Result {
38 silly cache add   raw: 'react-bootstrap,',
38 silly cache add   scope: null,
38 silly cache add   escapedName: null,
38 silly cache add   name: null,
38 silly cache add   rawSpec: 'react-bootstrap,',
38 silly cache add   spec: '/Users/kevindahlberg/Dropbox/coding/react-exercises/react-bootstrap,',
38 silly cache add   type: 'local' }
39 silly cache add parsed spec Result {
39 silly cache add   raw: 'react-redux,',
39 silly cache add   scope: null,
39 silly cache add   escapedName: null,
39 silly cache add   name: null,
39 silly cache add   rawSpec: 'react-redux,',
39 silly cache add   spec: '/Users/kevindahlberg/Dropbox/coding/react-exercises/react-redux,',
39 silly cache add   type: 'local' }
40 silly cache add parsed spec Result {
40 silly cache add   raw: 'react-router-bootstrap,',
40 silly cache add   scope: null,
40 silly cache add   escapedName: null,
40 silly cache add   name: null,
40 silly cache add   rawSpec: 'react-router-bootstrap,',
40 silly cache add   spec: '/Users/kevindahlberg/Dropbox/coding/react-exercises/react-router-bootstrap,',
40 silly cache add   type: 'local' }
41 silly cache add parsed spec Result {
41 silly cache add   raw: 'react-router-dom,',
41 silly cache add   scope: null,
41 silly cache add   escapedName: null,
41 silly cache add   name: null,
41 silly cache add   rawSpec: 'react-router-dom,',
41 silly cache add   spec: '/Users/kevindahlberg/Dropbox/coding/react-exercises/react-router-dom,',
41 silly cache add   type: 'local' }
42 silly cache add parsed spec Result {
42 silly cache add   raw: 'react,router-redux,',
42 silly cache add   scope: null,
42 silly cache add   escapedName: null,
42 silly cache add   name: null,
42 silly cache add   rawSpec: 'react,router-redux,',
42 silly cache add   spec: '/Users/kevindahlberg/Dropbox/coding/react-exercises/react,router-redux,',
42 silly cache add   type: 'local' }
43 silly cache add parsed spec Result {
43 silly cache add   raw: 'redux,',
43 silly cache add   scope: null,
43 silly cache add   escapedName: null,
43 silly cache add   name: null,
43 silly cache add   rawSpec: 'redux,',
43 silly cache add   spec: '/Users/kevindahlberg/Dropbox/coding/react-exercises/redux,',
43 silly cache add   type: 'local' }
44 error addLocal Could not install /Users/kevindahlberg/Dropbox/coding/react-exercises/react-bootstrap,
45 silly fetchPackageMetaData Error: ENOENT: no such file or directory, open '/Users/kevindahlberg/Dropbox/coding/react-exercises/react-bootstrap,'
45 silly fetchPackageMetaData  error for react-bootstrap, { Error: ENOENT: no such file or directory, open '/Users/kevindahlberg/Dropbox/coding/react-exercises/react-bootstrap,'
45 silly fetchPackageMetaData   errno: -2,
45 silly fetchPackageMetaData   code: 'ENOENT',
45 silly fetchPackageMetaData   syscall: 'open',
45 silly fetchPackageMetaData   path: '/Users/kevindahlberg/Dropbox/coding/react-exercises/react-bootstrap,' }
46 error addLocal Could not install /Users/kevindahlberg/Dropbox/coding/react-exercises/react-redux,
47 silly fetchPackageMetaData Error: ENOENT: no such file or directory, open '/Users/kevindahlberg/Dropbox/coding/react-exercises/react-redux,'
47 silly fetchPackageMetaData  error for react-redux, { Error: ENOENT: no such file or directory, open '/Users/kevindahlberg/Dropbox/coding/react-exercises/react-redux,'
47 silly fetchPackageMetaData   errno: -2,
47 silly fetchPackageMetaData   code: 'ENOENT',
47 silly fetchPackageMetaData   syscall: 'open',
47 silly fetchPackageMetaData   path: '/Users/kevindahlberg/Dropbox/coding/react-exercises/react-redux,' }
48 error addLocal Could not install /Users/kevindahlberg/Dropbox/coding/react-exercises/react-router-bootstrap,
49 silly fetchPackageMetaData Error: ENOENT: no such file or directory, open '/Users/kevindahlberg/Dropbox/coding/react-exercises/react-router-bootstrap,'
49 silly fetchPackageMetaData  error for react-router-bootstrap, { Error: ENOENT: no such file or directory, open '/Users/kevindahlberg/Dropbox/coding/react-exercises/react-router-bootstrap,'
49 silly fetchPackageMetaData   errno: -2,
49 silly fetchPackageMetaData   code: 'ENOENT',
49 silly fetchPackageMetaData   syscall: 'open',
49 silly fetchPackageMetaData   path: '/Users/kevindahlberg/Dropbox/coding/react-exercises/react-router-bootstrap,' }
50 error addLocal Could not install /Users/kevindahlberg/Dropbox/coding/react-exercises/react-router-dom,
51 silly fetchPackageMetaData Error: ENOENT: no such file or directory, open '/Users/kevindahlberg/Dropbox/coding/react-exercises/react-router-dom,'
51 silly fetchPackageMetaData  error for react-router-dom, { Error: ENOENT: no such file or directory, open '/Users/kevindahlberg/Dropbox/coding/react-exercises/react-router-dom,'
51 silly fetchPackageMetaData   errno: -2,
51 silly fetchPackageMetaData   code: 'ENOENT',
51 silly fetchPackageMetaData   syscall: 'open',
51 silly fetchPackageMetaData   path: '/Users/kevindahlberg/Dropbox/coding/react-exercises/react-router-dom,' }
52 error addLocal Could not install /Users/kevindahlberg/Dropbox/coding/react-exercises/react,router-redux,
53 silly fetchPackageMetaData Error: ENOENT: no such file or directory, open '/Users/kevindahlberg/Dropbox/coding/react-exercises/react,router-redux,'
53 silly fetchPackageMetaData  error for react,router-redux, { Error: ENOENT: no such file or directory, open '/Users/kevindahlberg/Dropbox/coding/react-exercises/react,router-redux,'
53 silly fetchPackageMetaData   errno: -2,
53 silly fetchPackageMetaData   code: 'ENOENT',
53 silly fetchPackageMetaData   syscall: 'open',
53 silly fetchPackageMetaData   path: '/Users/kevindahlberg/Dropbox/coding/react-exercises/react,router-redux,' }
54 error addLocal Could not install /Users/kevindahlberg/Dropbox/coding/react-exercises/redux,
55 silly fetchPackageMetaData Error: ENOENT: no such file or directory, open '/Users/kevindahlberg/Dropbox/coding/react-exercises/redux,'
55 silly fetchPackageMetaData  error for redux, { Error: ENOENT: no such file or directory, open '/Users/kevindahlberg/Dropbox/coding/react-exercises/redux,'
55 silly fetchPackageMetaData   errno: -2,
55 silly fetchPackageMetaData   code: 'ENOENT',
55 silly fetchPackageMetaData   syscall: 'open',
55 silly fetchPackageMetaData   path: '/Users/kevindahlberg/Dropbox/coding/react-exercises/redux,' }
56 verbose request uri https://registry.npmjs.org/redux-thunk
57 verbose request no auth needed
58 info attempt registry request try #1 at 8:25:56 PM
59 verbose request id b84d32934f1a9668
60 verbose etag W/"59cc575b-8570"
61 verbose lastModified Thu, 28 Sep 2017 01:58:51 GMT
62 http request GET https://registry.npmjs.org/redux-thunk
63 http 304 https://registry.npmjs.org/redux-thunk
64 verbose headers { date: 'Mon, 02 Oct 2017 01:25:57 GMT',
64 verbose headers   via: '1.1 varnish',
64 verbose headers   'cache-control': 'max-age=300',
64 verbose headers   etag: 'W/"59cc575b-8570"',
64 verbose headers   age: '0',
64 verbose headers   connection: 'keep-alive',
64 verbose headers   'x-served-by': 'cache-mdw17335-MDW',
64 verbose headers   'x-cache': 'HIT',
64 verbose headers   'x-cache-hits': '1',
64 verbose headers   'x-timer': 'S1506907557.145425,VS0,VE53',
64 verbose headers   vary: 'Accept-Encoding, Accept' }
65 silly get cb [ 304,
65 silly get   { date: 'Mon, 02 Oct 2017 01:25:57 GMT',
65 silly get     via: '1.1 varnish',
65 silly get     'cache-control': 'max-age=300',
65 silly get     etag: 'W/"59cc575b-8570"',
65 silly get     age: '0',
65 silly get     connection: 'keep-alive',
65 silly get     'x-served-by': 'cache-mdw17335-MDW',
65 silly get     'x-cache': 'HIT',
65 silly get     'x-cache-hits': '1',
65 silly get     'x-timer': 'S1506907557.145425,VS0,VE53',
65 silly get     vary: 'Accept-Encoding, Accept' } ]
66 verbose etag https://registry.npmjs.org/redux-thunk from cache
67 verbose get saving redux-thunk to /Users/kevindahlberg/.npm/registry.npmjs.org/redux-thunk/.cache.json
68 verbose correctMkdir /Users/kevindahlberg/.npm correctMkdir not in flight; initializing
69 silly rollbackFailedOptional Starting
70 silly rollbackFailedOptional Finishing
71 silly runTopLevelLifecycles Finishing
72 silly install printInstalled
73 verbose stack Error: ENOENT: no such file or directory, open '/Users/kevindahlberg/Dropbox/coding/react-exercises/react-bootstrap,'
74 verbose cwd /Users/kevindahlberg/Dropbox/coding/react-exercises
75 error Darwin 16.7.0
76 error argv "/usr/local/Cellar/node/7.7.2/bin/node" "/usr/local/bin/npm" "install" "-save" "react-bootstrap," "react-redux," "react-router-bootstrap," "react-router-dom," "react,router-redux," "redux," "redux-thunk"
77 error node v7.7.2
78 error npm  v4.1.2
79 error path /Users/kevindahlberg/Dropbox/coding/react-exercises/react-bootstrap,
80 error code ENOENT
81 error errno -2
82 error syscall open
83 error enoent ENOENT: no such file or directory, open '/Users/kevindahlberg/Dropbox/coding/react-exercises/react-bootstrap,'
84 error enoent ENOENT: no such file or directory, open '/Users/kevindahlberg/Dropbox/coding/react-exercises/react-bootstrap,'
84 error enoent This is most likely not a problem with npm itself
84 error enoent and is related to npm not being able to find a file.
85 verbose exit [ -2, true ]
